<?xml version="1.0" encoding="UTF-8"?>
<!-- Generated by org.testng.reporters.JUnitReportReporter -->
<testsuite hostname="yoganandpc" failures="0" tests="1" name="demos.regDemo" time="13.203" errors="0" timestamp="2024-02-09T15:24:30 IST" skipped="0">
  <testcase classname="demos.regDemo" name="search" time="13.203"/>
</testsuite> <!-- demos.regDemo -->
